app/build/intermediates/manifest_merge_blame_file/debug/manifest-merger-blame-debug-report.txt
1<?xml version="1.0" encoding="utf-8"?>
2<manifest xmlns:android="http://schemas.android.com/apk/res/android"
3    package="net.devatom.cargest"
4    android:versionCode="1"
5    android:versionName="1.0" >
6
7    <uses-sdk
7-->src/main/AndroidManifest.xml:6:5-47
8        android:minSdkVersion="26"
8-->src/main/AndroidManifest.xml:6:5-47
9        android:targetSdkVersion="26" />
9-->src/main/AndroidManifest.xml:6:15-44
10
11    <uses-permission android:name="android.permission.READ_EXTERNAL_STORAGE" />
11-->src/main/AndroidManifest.xml:8:5-80
11-->src/main/AndroidManifest.xml:8:22-77
12    <uses-permission android:name="android.permission.WRITE_EXTERNAL_STORAGE" />
12-->src/main/AndroidManifest.xml:9:5-81
12-->src/main/AndroidManifest.xml:9:22-78
13    <uses-permission android:name="android.permission.SEND_SMS" />
13-->src/main/AndroidManifest.xml:10:5-67
13-->src/main/AndroidManifest.xml:10:22-64
14    <uses-permission android:name="android.permission.WRITE_SMS" />
14-->src/main/AndroidManifest.xml:11:5-68
14-->src/main/AndroidManifest.xml:11:22-65
15
16    <application
16-->src/main/AndroidManifest.xml:13:5-39:19
17        android:allowBackup="true"
17-->src/main/AndroidManifest.xml:14:9-35
18        android:appComponentFactory="androidx.core.app.CoreComponentFactory"
18-->[androidx.core:core:1.0.1] AndroidManifest.xml:22:18-86
19        android:debuggable="true"
20        android:icon="@drawable/ic_launcher"
20-->src/main/AndroidManifest.xml:15:9-45
21        android:label="@string/title_application"
21-->src/main/AndroidManifest.xml:16:9-50
22        android:theme="@style/AppTheme" >
22-->src/main/AndroidManifest.xml:17:9-40
23        <activity
23-->src/main/AndroidManifest.xml:19:9-26:20
24            android:name="net.devatom.cargest.VuePrincipale"
24-->src/main/AndroidManifest.xml:20:13-42
25            android:label="@string/title_application" >
25-->src/main/AndroidManifest.xml:21:13-54
26            <intent-filter>
26-->src/main/AndroidManifest.xml:22:13-25:29
27                <action android:name="android.intent.action.MAIN" />
27-->src/main/AndroidManifest.xml:23:17-69
27-->src/main/AndroidManifest.xml:23:25-66
28
29                <category android:name="android.intent.category.LAUNCHER" />
29-->src/main/AndroidManifest.xml:24:17-77
29-->src/main/AndroidManifest.xml:24:27-74
30            </intent-filter>
31        </activity>
32        <activity
32-->src/main/AndroidManifest.xml:27:9-30:20
33            android:name="net.devatom.cargest.VueVehicule"
33-->src/main/AndroidManifest.xml:28:13-40
34            android:label="@string/title_activity_vue_vehicule" >
34-->src/main/AndroidManifest.xml:29:13-64
35        </activity>
36        <activity
36-->src/main/AndroidManifest.xml:31:9-34:20
37            android:name="net.devatom.cargest.VueEntretien"
37-->src/main/AndroidManifest.xml:32:13-41
38            android:label="@string/title_activity_vue_vehicule" >
38-->src/main/AndroidManifest.xml:33:13-64
39        </activity>
40        <activity
40-->src/main/AndroidManifest.xml:35:9-38:20
41            android:name="net.devatom.cargest.ListeVehicules"
41-->src/main/AndroidManifest.xml:36:13-43
42            android:label="@string/title_activity_liste_vehicules" >
42-->src/main/AndroidManifest.xml:37:13-67
43        </activity>
44    </application>
45
46</manifest>